[debug] [2018-03-18T05:35:07.099Z] ----------------------------------------------------------------------
[debug] [2018-03-18T05:35:07.101Z] Command:       C:\Program Files\nodejs\node.exe C:\Users\nakaz\AppData\Roaming\npm\node_modules\firebase-tools\bin\firebase serve
[debug] [2018-03-18T05:35:07.102Z] CLI Version:   3.17.6
[debug] [2018-03-18T05:35:07.102Z] Platform:      win32
[debug] [2018-03-18T05:35:07.102Z] Node Version:  v9.3.0
[debug] [2018-03-18T05:35:07.104Z] Time:          Sun Mar 18 2018 14:35:07 GMT+0900 (東京 (標準時))
[debug] [2018-03-18T05:35:07.104Z] ----------------------------------------------------------------------
[debug] 
[debug] [2018-03-18T05:35:07.121Z] > command requires scopes: ["email","openid","https://www.googleapis.com/auth/cloudplatformprojects.readonly","https://www.googleapis.com/auth/firebase","https://www.googleapis.com/auth/cloud-platform"]
[debug] [2018-03-18T05:35:07.122Z] > authorizing via signed-in user
[debug] [2018-03-18T05:35:07.125Z] >>> HTTP REQUEST GET https://admin.firebase.com/v1/projects/nico-op  
  
 Sun Mar 18 2018 14:35:07 GMT+0900 (東京 (標準時))
[debug] [2018-03-18T05:35:08.496Z] <<< HTTP RESPONSE 200
[debug] [2018-03-18T05:35:08.496Z] >>> HTTP REQUEST GET https://admin.firebase.com/v1/database/nico-op/tokens  
  
 Sun Mar 18 2018 14:35:08 GMT+0900 (東京 (標準時))
[debug] [2018-03-18T05:35:09.449Z] <<< HTTP RESPONSE 200
[debug] [2018-03-18T05:35:09.449Z] >>> HTTP REQUEST GET https://cloudresourcemanager.googleapis.com/v1/projects/nico-op  
  
 Sun Mar 18 2018 14:35:09 GMT+0900 (東京 (標準時))
[debug] [2018-03-18T05:35:11.833Z] <<< HTTP RESPONSE 200
[info] 
[info] === Serving from 'c:\workspace\nico-op\example\firebase'...
[info] 
[debug] [2018-03-18T05:35:11.842Z] >>> HTTP REQUEST GET https://mobilesdk-pa.googleapis.com/v1/projects/74099822861/clients/_:getWebAppConfig  
  
 Sun Mar 18 2018 14:35:11 GMT+0900 (東京 (標準時))
[debug] [2018-03-18T05:35:13.795Z] <<< HTTP RESPONSE 200
[info] i  hosting: Serving hosting files from: public
[info] +  hosting: Local server: http://localhost:5000

